<?xml version="1.0" encoding="UTF-8"?>
<!-- Generated by org.testng.reporters.JUnitXMLReporter -->
<testsuite hostname="DESKTOP-QJPEN10" ignored="4" name="Test" tests="5" failures="0" timestamp="2023-12-18T09:36:43 IST" time="0.129" errors="0">
  <testcase name="run" time="0.011" classname="configure.Base_script"/>
  <testcase name="shop" time="0.003" classname="configure.Base_script"/>
  <testcase name="run" time="0.01" classname="configure.Base_script"/>
  <testcase name="shop" time="0.004" classname="configure.Base_script"/>
  <testcase name="add" time="0.003" classname="configure.generic"/>
  <testcase name="@AfterTest Aftertest" time="0.0" classname="configure.Base_script">
    <ignored/>
  </testcase> <!-- @AfterTest Aftertest -->
  <testcase name="@BeforeTest beforetest" time="0.0" classname="configure.Base_script">
    <ignored/>
  </testcase> <!-- @BeforeTest beforetest -->
  <testcase name="@AfterSuite Aftersuite" time="0.0" classname="configure.Base_script">
    <ignored/>
  </testcase> <!-- @AfterSuite Aftersuite -->
  <testcase name="@BeforeSuite beforesuite" time="0.0" classname="configure.Base_script">
    <ignored/>
  </testcase> <!-- @BeforeSuite beforesuite -->
</testsuite> <!-- Test -->
