<?xml version="1.0" encoding="UTF-8"?>
<!-- Generated by org.testng.reporters.JUnitXMLReporter -->
<testsuite hostname="DESKTOP-QJPEN10" ignored="0" name="Test2" tests="5" failures="0" timestamp="2023-12-15T12:11:07 IST" time="121.915" errors="0">
  <testcase name="foodpand" time="17.888" classname="CrossBrowser.foofpanda"/>
  <testcase name="mykhanna" time="44.427" classname="CrossBrowser.mykhana"/>
  <testcase name="blink" time="13.059" classname="CrossBrowser.cross"/>
  <testcase name="swigg" time="24.322" classname="CrossBrowser.swiggy"/>
  <testcase name="zomato" time="21.412" classname="CrossBrowser.zomat"/>
</testsuite> <!-- Test2 -->
